d:\documents\programming\c++\phoenix\phoenix\debug\phoenix.bsc
d:\documents\programming\c++\phoenix\phoenix\phoenix\debug\vc120.pdb
d:\documents\programming\c++\phoenix\phoenix\phoenix\debug\vc120.idb
d:\documents\programming\c++\phoenix\phoenix\phoenix\debug\xml_parser.sbr
d:\documents\programming\c++\phoenix\phoenix\phoenix\debug\scene.sbr
d:\documents\programming\c++\phoenix\phoenix\phoenix\debug\keyboard.sbr
d:\documents\programming\c++\phoenix\phoenix\phoenix\debug\gameobject.sbr
d:\documents\programming\c++\phoenix\phoenix\phoenix\debug\tiledmap.sbr
d:\documents\programming\c++\phoenix\phoenix\phoenix\debug\game.sbr
d:\documents\programming\c++\phoenix\phoenix\phoenix\debug\convertion.sbr
d:\documents\programming\c++\phoenix\phoenix\phoenix\debug\convertion.obj
d:\documents\programming\c++\phoenix\phoenix\phoenix\debug\game.obj
d:\documents\programming\c++\phoenix\phoenix\phoenix\debug\tiledmap.obj
d:\documents\programming\c++\phoenix\phoenix\phoenix\debug\gameobject.obj
d:\documents\programming\c++\phoenix\phoenix\phoenix\debug\keyboard.obj
d:\documents\programming\c++\phoenix\phoenix\phoenix\debug\scene.obj
d:\documents\programming\c++\phoenix\phoenix\phoenix\debug\xml_parser.obj
d:\documents\programming\c++\phoenix\phoenix\phoenix\debug\testclass.sbr
d:\documents\programming\c++\phoenix\phoenix\phoenix\debug\testclass.obj
d:\documents\programming\c++\phoenix\phoenix\debug\phoenix.ilk
d:\documents\programming\c++\phoenix\phoenix\debug\phoenix.dll
d:\documents\programming\c++\phoenix\phoenix\debug\phoenix.pdb
d:\documents\programming\c++\phoenix\phoenix\debug\phoenix.lib
d:\documents\programming\c++\phoenix\phoenix\debug\phoenix.exp
d:\documents\programming\c++\phoenix\phoenix\phoenix\debug\phoenix.tlog\bscmake.command.1.tlog
d:\documents\programming\c++\phoenix\phoenix\phoenix\debug\phoenix.tlog\bscmake.read.1.tlog
d:\documents\programming\c++\phoenix\phoenix\phoenix\debug\phoenix.tlog\bscmake.write.1.tlog
d:\documents\programming\c++\phoenix\phoenix\phoenix\debug\phoenix.tlog\cl.command.1.tlog
d:\documents\programming\c++\phoenix\phoenix\phoenix\debug\phoenix.tlog\cl.read.1.tlog
d:\documents\programming\c++\phoenix\phoenix\phoenix\debug\phoenix.tlog\cl.write.1.tlog
d:\documents\programming\c++\phoenix\phoenix\phoenix\debug\phoenix.tlog\link.command.1.tlog
d:\documents\programming\c++\phoenix\phoenix\phoenix\debug\phoenix.tlog\link.read.1.tlog
d:\documents\programming\c++\phoenix\phoenix\phoenix\debug\phoenix.tlog\link.write.1.tlog
d:\documents\programming\c++\phoenix\phoenix\phoenix\debug\phoenix.tlog\phoenix.write.1u.tlog
