d:\documents\programming\c++\phoenix\phoenix\debug\gameplayground.bsc
d:\documents\programming\c++\phoenix\phoenix\gameplayground\debug\vc120.pdb
d:\documents\programming\c++\phoenix\phoenix\gameplayground\debug\vc120.idb
d:\documents\programming\c++\phoenix\phoenix\gameplayground\debug\testclass.sbr
d:\documents\programming\c++\phoenix\phoenix\gameplayground\debug\playgroundgame.sbr
d:\documents\programming\c++\phoenix\phoenix\gameplayground\debug\player.sbr
d:\documents\programming\c++\phoenix\phoenix\gameplayground\debug\main.sbr
d:\documents\programming\c++\phoenix\phoenix\gameplayground\debug\box.sbr
d:\documents\programming\c++\phoenix\phoenix\gameplayground\debug\box.obj
d:\documents\programming\c++\phoenix\phoenix\gameplayground\debug\main.obj
d:\documents\programming\c++\phoenix\phoenix\gameplayground\debug\player.obj
d:\documents\programming\c++\phoenix\phoenix\gameplayground\debug\playgroundgame.obj
d:\documents\programming\c++\phoenix\phoenix\gameplayground\debug\testclass.obj
d:\documents\programming\c++\phoenix\phoenix\debug\gameplayground.lib
d:\documents\programming\c++\phoenix\phoenix\debug\gameplayground.exp
d:\documents\programming\c++\phoenix\phoenix\debug\gameplayground.pdb
d:\documents\programming\c++\phoenix\phoenix\gameplayground\debug\gameplayground.tlog\bscmake.command.1.tlog
d:\documents\programming\c++\phoenix\phoenix\gameplayground\debug\gameplayground.tlog\bscmake.read.1.tlog
d:\documents\programming\c++\phoenix\phoenix\gameplayground\debug\gameplayground.tlog\bscmake.write.1.tlog
d:\documents\programming\c++\phoenix\phoenix\gameplayground\debug\gameplayground.tlog\cl.command.1.tlog
d:\documents\programming\c++\phoenix\phoenix\gameplayground\debug\gameplayground.tlog\cl.read.1.tlog
d:\documents\programming\c++\phoenix\phoenix\gameplayground\debug\gameplayground.tlog\cl.write.1.tlog
d:\documents\programming\c++\phoenix\phoenix\gameplayground\debug\gameplayground.tlog\gameplayground.write.1u.tlog
d:\documents\programming\c++\phoenix\phoenix\gameplayground\debug\gameplayground.tlog\link.command.1.tlog
d:\documents\programming\c++\phoenix\phoenix\gameplayground\debug\gameplayground.tlog\link.read.1.tlog
d:\documents\programming\c++\phoenix\phoenix\gameplayground\debug\gameplayground.tlog\link.write.1.tlog
